computerdatabase.AngularNodeEmsDockerSimulation	angularnodeemsdockersimulation	RUN	1443523779621	 	2.0
Nod EMS APPLICATION GATLING TEST	7795279057977194468-0	USER	START	1443523779634	0
Nod EMS APPLICATION GATLING TEST	7795279057977194468-1	USER	START	1443523779697	0
Nod EMS APPLICATION GATLING TEST	7795279057977194468-2	USER	START	1443523779747	0
Nod EMS APPLICATION GATLING TEST	7795279057977194468-2	REQUEST		get request	1443523779748	1443523779750	1443523779752	1443523779752	OK	 
Nod EMS APPLICATION GATLING TEST	7795279057977194468-0	REQUEST		get request	1443523779649	1443523779653	1443523779681	1443523779681	OK	 
Nod EMS APPLICATION GATLING TEST	7795279057977194468-1	REQUEST		get request	1443523779697	1443523779698	1443523779703	1443523779703	OK	 
Nod EMS APPLICATION GATLING TEST	7795279057977194468-3	USER	START	1443523779797	0
Nod EMS APPLICATION GATLING TEST	7795279057977194468-3	REQUEST		get request	1443523779797	1443523779798	1443523779801	1443523779801	OK	 
Nod EMS APPLICATION GATLING TEST	7795279057977194468-4	USER	START	1443523779847	0
Nod EMS APPLICATION GATLING TEST	7795279057977194468-4	REQUEST		get request	1443523779848	1443523779849	1443523779850	1443523779850	OK	 
Nod EMS APPLICATION GATLING TEST	7795279057977194468-5	USER	START	1443523779896	0
Nod EMS APPLICATION GATLING TEST	7795279057977194468-5	REQUEST		get request	1443523779897	1443523779898	1443523779899	1443523779899	OK	 
Nod EMS APPLICATION GATLING TEST	7795279057977194468-6	USER	START	1443523779947	0
Nod EMS APPLICATION GATLING TEST	7795279057977194468-6	REQUEST		get request	1443523779947	1443523779949	1443523779950	1443523779950	OK	 
Nod EMS APPLICATION GATLING TEST	7795279057977194468-7	USER	START	1443523779996	0
Nod EMS APPLICATION GATLING TEST	7795279057977194468-7	REQUEST		get request	1443523779997	1443523779998	1443523779999	1443523779999	OK	 
Nod EMS APPLICATION GATLING TEST	7795279057977194468-8	USER	START	1443523780047	0
Nod EMS APPLICATION GATLING TEST	7795279057977194468-8	REQUEST		get request	1443523780048	1443523780049	1443523780050	1443523780050	OK	 
Nod EMS APPLICATION GATLING TEST	7795279057977194468-9	USER	START	1443523780096	0
Nod EMS APPLICATION GATLING TEST	7795279057977194468-9	REQUEST		get request	1443523780098	1443523780099	1443523780100	1443523780100	OK	 
Nod EMS APPLICATION GATLING TEST	7795279057977194468-10	USER	START	1443523780147	0
Nod EMS APPLICATION GATLING TEST	7795279057977194468-10	REQUEST		get request	1443523780147	1443523780149	1443523780150	1443523780150	OK	 
Nod EMS APPLICATION GATLING TEST	7795279057977194468-11	USER	START	1443523780196	0
Nod EMS APPLICATION GATLING TEST	7795279057977194468-11	REQUEST		get request	1443523780197	1443523780198	1443523780199	1443523780199	OK	 
Nod EMS APPLICATION GATLING TEST	7795279057977194468-12	USER	START	1443523780247	0
Nod EMS APPLICATION GATLING TEST	7795279057977194468-12	REQUEST		get request	1443523780247	1443523780249	1443523780249	1443523780249	OK	 
Nod EMS APPLICATION GATLING TEST	7795279057977194468-13	USER	START	1443523780296	0
Nod EMS APPLICATION GATLING TEST	7795279057977194468-13	REQUEST		get request	1443523780297	1443523780298	1443523780299	1443523780299	OK	 
Nod EMS APPLICATION GATLING TEST	7795279057977194468-14	USER	START	1443523780347	0
Nod EMS APPLICATION GATLING TEST	7795279057977194468-14	REQUEST		get request	1443523780347	1443523780349	1443523780350	1443523780350	OK	 
Nod EMS APPLICATION GATLING TEST	7795279057977194468-15	USER	START	1443523780396	0
Nod EMS APPLICATION GATLING TEST	7795279057977194468-15	REQUEST		get request	1443523780397	1443523780398	1443523780399	1443523780399	OK	 
Nod EMS APPLICATION GATLING TEST	7795279057977194468-16	USER	START	1443523780447	0
Nod EMS APPLICATION GATLING TEST	7795279057977194468-16	REQUEST		get request	1443523780447	1443523780449	1443523780450	1443523780450	OK	 
Nod EMS APPLICATION GATLING TEST	7795279057977194468-17	USER	START	1443523780496	0
Nod EMS APPLICATION GATLING TEST	7795279057977194468-17	REQUEST		get request	1443523780497	1443523780498	1443523780500	1443523780500	OK	 
Nod EMS APPLICATION GATLING TEST	7795279057977194468-18	USER	START	1443523780547	0
Nod EMS APPLICATION GATLING TEST	7795279057977194468-18	REQUEST		get request	1443523780547	1443523780549	1443523780550	1443523780550	OK	 
Nod EMS APPLICATION GATLING TEST	7795279057977194468-19	USER	START	1443523780597	0
Nod EMS APPLICATION GATLING TEST	7795279057977194468-19	REQUEST		get request	1443523780597	1443523780598	1443523780601	1443523780601	OK	 
Nod EMS APPLICATION GATLING TEST	7795279057977194468-20	USER	START	1443523780657	0
Nod EMS APPLICATION GATLING TEST	7795279057977194468-20	REQUEST		get request	1443523780658	1443523780659	1443523780663	1443523780663	OK	 
Nod EMS APPLICATION GATLING TEST	7795279057977194468-21	USER	START	1443523780707	0
Nod EMS APPLICATION GATLING TEST	7795279057977194468-0	USER	END	1443523779634	1443523780709
Nod EMS APPLICATION GATLING TEST	7795279057977194468-21	REQUEST		get request	1443523780707	1443523780709	1443523780711	1443523780711	OK	 
Nod EMS APPLICATION GATLING TEST	7795279057977194468-1	USER	END	1443523779697	1443523780728
Nod EMS APPLICATION GATLING TEST	7795279057977194468-22	USER	START	1443523780756	0
Nod EMS APPLICATION GATLING TEST	7795279057977194468-22	REQUEST		get request	1443523780757	1443523780758	1443523780759	1443523780759	OK	 
Nod EMS APPLICATION GATLING TEST	7795279057977194468-2	USER	END	1443523779747	1443523780777
Nod EMS APPLICATION GATLING TEST	7795279057977194468-23	USER	START	1443523780807	0
Nod EMS APPLICATION GATLING TEST	7795279057977194468-23	REQUEST		get request	1443523780808	1443523780811	1443523780813	1443523780813	OK	 
Nod EMS APPLICATION GATLING TEST	7795279057977194468-3	USER	END	1443523779797	1443523780818
Nod EMS APPLICATION GATLING TEST	7795279057977194468-24	USER	START	1443523780857	0
Nod EMS APPLICATION GATLING TEST	7795279057977194468-4	USER	END	1443523779847	1443523780871
Nod EMS APPLICATION GATLING TEST	7795279057977194468-24	REQUEST		get request	1443523780858	1443523780860	1443523780862	1443523780862	OK	 
Nod EMS APPLICATION GATLING TEST	7795279057977194468-25	USER	START	1443523780906	0
Nod EMS APPLICATION GATLING TEST	7795279057977194468-25	REQUEST		get request	1443523780907	1443523780909	1443523780912	1443523780912	OK	 
Nod EMS APPLICATION GATLING TEST	7795279057977194468-5	USER	END	1443523779896	1443523780917
Nod EMS APPLICATION GATLING TEST	7795279057977194468-26	USER	START	1443523780957	0
Nod EMS APPLICATION GATLING TEST	7795279057977194468-26	REQUEST		get request	1443523780958	1443523780960	1443523780965	1443523780965	OK	 
Nod EMS APPLICATION GATLING TEST	7795279057977194468-6	USER	END	1443523779947	1443523780968
Nod EMS APPLICATION GATLING TEST	7795279057977194468-27	USER	START	1443523781007	0
Nod EMS APPLICATION GATLING TEST	7795279057977194468-27	REQUEST		get request	1443523781007	1443523781008	1443523781009	1443523781009	OK	 
Nod EMS APPLICATION GATLING TEST	7795279057977194468-7	USER	END	1443523779996	1443523781017
Nod EMS APPLICATION GATLING TEST	7795279057977194468-28	USER	START	1443523781057	0
Nod EMS APPLICATION GATLING TEST	7795279057977194468-28	REQUEST		get request	1443523781058	1443523781060	1443523781061	1443523781061	OK	 
Nod EMS APPLICATION GATLING TEST	7795279057977194468-8	USER	END	1443523780047	1443523781067
Nod EMS APPLICATION GATLING TEST	7795279057977194468-29	USER	START	1443523781107	0
Nod EMS APPLICATION GATLING TEST	7795279057977194468-29	REQUEST		get request	1443523781107	1443523781109	1443523781112	1443523781112	OK	 
Nod EMS APPLICATION GATLING TEST	7795279057977194468-9	USER	END	1443523780096	1443523781117
Nod EMS APPLICATION GATLING TEST	7795279057977194468-30	USER	START	1443523781156	0
Nod EMS APPLICATION GATLING TEST	7795279057977194468-30	REQUEST		get request	1443523781157	1443523781159	1443523781164	1443523781164	OK	 
Nod EMS APPLICATION GATLING TEST	7795279057977194468-10	USER	END	1443523780147	1443523781167
Nod EMS APPLICATION GATLING TEST	7795279057977194468-31	USER	START	1443523781207	0
Nod EMS APPLICATION GATLING TEST	7795279057977194468-31	REQUEST		get request	1443523781208	1443523781210	1443523781213	1443523781213	OK	 
Nod EMS APPLICATION GATLING TEST	7795279057977194468-11	USER	END	1443523780196	1443523781217
Nod EMS APPLICATION GATLING TEST	7795279057977194468-32	USER	START	1443523781257	0
Nod EMS APPLICATION GATLING TEST	7795279057977194468-32	REQUEST		get request	1443523781257	1443523781259	1443523781263	1443523781263	OK	 
Nod EMS APPLICATION GATLING TEST	7795279057977194468-12	USER	END	1443523780247	1443523781267
Nod EMS APPLICATION GATLING TEST	7795279057977194468-33	USER	START	1443523781307	0
Nod EMS APPLICATION GATLING TEST	7795279057977194468-33	REQUEST		get request	1443523781308	1443523781310	1443523781313	1443523781313	OK	 
Nod EMS APPLICATION GATLING TEST	7795279057977194468-13	USER	END	1443523780296	1443523781317
Nod EMS APPLICATION GATLING TEST	7795279057977194468-34	USER	START	1443523781357	0
Nod EMS APPLICATION GATLING TEST	7795279057977194468-34	REQUEST		get request	1443523781358	1443523781361	1443523781363	1443523781363	OK	 
Nod EMS APPLICATION GATLING TEST	7795279057977194468-14	USER	END	1443523780347	1443523781367
Nod EMS APPLICATION GATLING TEST	7795279057977194468-35	USER	START	1443523781407	0
Nod EMS APPLICATION GATLING TEST	7795279057977194468-35	REQUEST		get request	1443523781407	1443523781409	1443523781410	1443523781410	OK	 
Nod EMS APPLICATION GATLING TEST	7795279057977194468-15	USER	END	1443523780396	1443523781417
Nod EMS APPLICATION GATLING TEST	7795279057977194468-36	USER	START	1443523781457	0
Nod EMS APPLICATION GATLING TEST	7795279057977194468-36	REQUEST		get request	1443523781458	1443523781460	1443523781462	1443523781462	OK	 
Nod EMS APPLICATION GATLING TEST	7795279057977194468-16	USER	END	1443523780447	1443523781467
Nod EMS APPLICATION GATLING TEST	7795279057977194468-37	USER	START	1443523781506	0
Nod EMS APPLICATION GATLING TEST	7795279057977194468-37	REQUEST		get request	1443523781507	1443523781509	1443523781510	1443523781510	OK	 
Nod EMS APPLICATION GATLING TEST	7795279057977194468-17	USER	END	1443523780496	1443523781517
Nod EMS APPLICATION GATLING TEST	7795279057977194468-38	USER	START	1443523781557	0
Nod EMS APPLICATION GATLING TEST	7795279057977194468-38	REQUEST		get request	1443523781558	1443523781559	1443523781560	1443523781560	OK	 
Nod EMS APPLICATION GATLING TEST	7795279057977194468-18	USER	END	1443523780547	1443523781568
Nod EMS APPLICATION GATLING TEST	7795279057977194468-39	USER	START	1443523781607	0
Nod EMS APPLICATION GATLING TEST	7795279057977194468-39	REQUEST		get request	1443523781608	1443523781610	1443523781612	1443523781612	OK	 
Nod EMS APPLICATION GATLING TEST	7795279057977194468-19	USER	END	1443523780597	1443523781617
Nod EMS APPLICATION GATLING TEST	7795279057977194468-40	USER	START	1443523781656	0
Nod EMS APPLICATION GATLING TEST	7795279057977194468-40	REQUEST		get request	1443523781657	1443523781658	1443523781661	1443523781661	OK	 
Nod EMS APPLICATION GATLING TEST	7795279057977194468-20	USER	END	1443523780657	1443523781677
Nod EMS APPLICATION GATLING TEST	7795279057977194468-41	USER	START	1443523781707	0
Nod EMS APPLICATION GATLING TEST	7795279057977194468-41	REQUEST		get request	1443523781708	1443523781708	1443523781710	1443523781710	OK	 
Nod EMS APPLICATION GATLING TEST	7795279057977194468-21	USER	END	1443523780707	1443523781727
Nod EMS APPLICATION GATLING TEST	7795279057977194468-42	USER	START	1443523781757	0
Nod EMS APPLICATION GATLING TEST	7795279057977194468-42	REQUEST		get request	1443523781757	1443523781758	1443523781759	1443523781759	OK	 
Nod EMS APPLICATION GATLING TEST	7795279057977194468-22	USER	END	1443523780756	1443523781777
Nod EMS APPLICATION GATLING TEST	7795279057977194468-43	USER	START	1443523781806	0
Nod EMS APPLICATION GATLING TEST	7795279057977194468-43	REQUEST		get request	1443523781808	1443523781810	1443523781813	1443523781813	OK	 
Nod EMS APPLICATION GATLING TEST	7795279057977194468-23	USER	END	1443523780807	1443523781827
Nod EMS APPLICATION GATLING TEST	7795279057977194468-44	USER	START	1443523781857	0
Nod EMS APPLICATION GATLING TEST	7795279057977194468-44	REQUEST		get request	1443523781858	1443523781860	1443523781862	1443523781862	OK	 
Nod EMS APPLICATION GATLING TEST	7795279057977194468-24	USER	END	1443523780857	1443523781877
Nod EMS APPLICATION GATLING TEST	7795279057977194468-45	USER	START	1443523781907	0
Nod EMS APPLICATION GATLING TEST	7795279057977194468-45	REQUEST		get request	1443523781907	1443523781908	1443523781910	1443523781910	OK	 
Nod EMS APPLICATION GATLING TEST	7795279057977194468-25	USER	END	1443523780906	1443523781927
Nod EMS APPLICATION GATLING TEST	7795279057977194468-46	USER	START	1443523781956	0
Nod EMS APPLICATION GATLING TEST	7795279057977194468-46	REQUEST		get request	1443523781958	1443523781959	1443523781961	1443523781961	OK	 
Nod EMS APPLICATION GATLING TEST	7795279057977194468-26	USER	END	1443523780957	1443523781977
Nod EMS APPLICATION GATLING TEST	7795279057977194468-47	USER	START	1443523782007	0
Nod EMS APPLICATION GATLING TEST	7795279057977194468-47	REQUEST		get request	1443523782007	1443523782008	1443523782009	1443523782009	OK	 
Nod EMS APPLICATION GATLING TEST	7795279057977194468-27	USER	END	1443523781007	1443523782027
Nod EMS APPLICATION GATLING TEST	7795279057977194468-48	USER	START	1443523782056	0
Nod EMS APPLICATION GATLING TEST	7795279057977194468-48	REQUEST		get request	1443523782058	1443523782059	1443523782060	1443523782060	OK	 
Nod EMS APPLICATION GATLING TEST	7795279057977194468-28	USER	END	1443523781057	1443523782077
Nod EMS APPLICATION GATLING TEST	7795279057977194468-49	USER	START	1443523782107	0
Nod EMS APPLICATION GATLING TEST	7795279057977194468-49	REQUEST		get request	1443523782107	1443523782108	1443523782109	1443523782109	OK	 
Nod EMS APPLICATION GATLING TEST	7795279057977194468-29	USER	END	1443523781107	1443523782128
Nod EMS APPLICATION GATLING TEST	7795279057977194468-50	USER	START	1443523782157	0
Nod EMS APPLICATION GATLING TEST	7795279057977194468-50	REQUEST		get request	1443523782158	1443523782159	1443523782162	1443523782162	OK	 
Nod EMS APPLICATION GATLING TEST	7795279057977194468-30	USER	END	1443523781156	1443523782177
Nod EMS APPLICATION GATLING TEST	7795279057977194468-51	USER	START	1443523782207	0
Nod EMS APPLICATION GATLING TEST	7795279057977194468-51	REQUEST		get request	1443523782207	1443523782208	1443523782209	1443523782209	OK	 
Nod EMS APPLICATION GATLING TEST	7795279057977194468-31	USER	END	1443523781207	1443523782227
Nod EMS APPLICATION GATLING TEST	7795279057977194468-52	USER	START	1443523782257	0
Nod EMS APPLICATION GATLING TEST	7795279057977194468-52	REQUEST		get request	1443523782258	1443523782259	1443523782262	1443523782262	OK	 
Nod EMS APPLICATION GATLING TEST	7795279057977194468-32	USER	END	1443523781257	1443523782277
Nod EMS APPLICATION GATLING TEST	7795279057977194468-53	USER	START	1443523782306	0
Nod EMS APPLICATION GATLING TEST	7795279057977194468-53	REQUEST		get request	1443523782307	1443523782308	1443523782309	1443523782309	OK	 
Nod EMS APPLICATION GATLING TEST	7795279057977194468-33	USER	END	1443523781307	1443523782328
Nod EMS APPLICATION GATLING TEST	7795279057977194468-54	USER	START	1443523782357	0
Nod EMS APPLICATION GATLING TEST	7795279057977194468-54	REQUEST		get request	1443523782358	1443523782359	1443523782361	1443523782361	OK	 
Nod EMS APPLICATION GATLING TEST	7795279057977194468-34	USER	END	1443523781357	1443523782378
Nod EMS APPLICATION GATLING TEST	7795279057977194468-55	USER	START	1443523782407	0
Nod EMS APPLICATION GATLING TEST	7795279057977194468-55	REQUEST		get request	1443523782408	1443523782409	1443523782412	1443523782412	OK	 
Nod EMS APPLICATION GATLING TEST	7795279057977194468-35	USER	END	1443523781407	1443523782427
Nod EMS APPLICATION GATLING TEST	7795279057977194468-56	USER	START	1443523782457	0
Nod EMS APPLICATION GATLING TEST	7795279057977194468-56	REQUEST		get request	1443523782458	1443523782460	1443523782463	1443523782463	OK	 
Nod EMS APPLICATION GATLING TEST	7795279057977194468-36	USER	END	1443523781457	1443523782477
Nod EMS APPLICATION GATLING TEST	7795279057977194468-57	USER	START	1443523782507	0
Nod EMS APPLICATION GATLING TEST	7795279057977194468-57	REQUEST		get request	1443523782507	1443523782508	1443523782509	1443523782509	OK	 
Nod EMS APPLICATION GATLING TEST	7795279057977194468-37	USER	END	1443523781506	1443523782528
Nod EMS APPLICATION GATLING TEST	7795279057977194468-58	USER	START	1443523782557	0
Nod EMS APPLICATION GATLING TEST	7795279057977194468-58	REQUEST		get request	1443523782558	1443523782560	1443523782563	1443523782563	OK	 
Nod EMS APPLICATION GATLING TEST	7795279057977194468-38	USER	END	1443523781557	1443523782577
Nod EMS APPLICATION GATLING TEST	7795279057977194468-59	USER	START	1443523782607	0
Nod EMS APPLICATION GATLING TEST	7795279057977194468-59	REQUEST		get request	1443523782608	1443523782608	1443523782609	1443523782609	OK	 
Nod EMS APPLICATION GATLING TEST	7795279057977194468-39	USER	END	1443523781607	1443523782627
Nod EMS APPLICATION GATLING TEST	7795279057977194468-60	USER	START	1443523782657	0
Nod EMS APPLICATION GATLING TEST	7795279057977194468-60	REQUEST		get request	1443523782658	1443523782659	1443523782661	1443523782661	OK	 
Nod EMS APPLICATION GATLING TEST	7795279057977194468-40	USER	END	1443523781656	1443523782677
Nod EMS APPLICATION GATLING TEST	7795279057977194468-61	USER	START	1443523782706	0
Nod EMS APPLICATION GATLING TEST	7795279057977194468-61	REQUEST		get request	1443523782707	1443523782708	1443523782709	1443523782709	OK	 
Nod EMS APPLICATION GATLING TEST	7795279057977194468-41	USER	END	1443523781707	1443523782727
Nod EMS APPLICATION GATLING TEST	7795279057977194468-62	USER	START	1443523782757	0
Nod EMS APPLICATION GATLING TEST	7795279057977194468-62	REQUEST		get request	1443523782758	1443523782760	1443523782762	1443523782762	OK	 
Nod EMS APPLICATION GATLING TEST	7795279057977194468-42	USER	END	1443523781757	1443523782777
Nod EMS APPLICATION GATLING TEST	7795279057977194468-63	USER	START	1443523782807	0
Nod EMS APPLICATION GATLING TEST	7795279057977194468-63	REQUEST		get request	1443523782808	1443523782809	1443523782811	1443523782811	OK	 
Nod EMS APPLICATION GATLING TEST	7795279057977194468-43	USER	END	1443523781806	1443523782827
Nod EMS APPLICATION GATLING TEST	7795279057977194468-64	USER	START	1443523782857	0
Nod EMS APPLICATION GATLING TEST	7795279057977194468-64	REQUEST		get request	1443523782858	1443523782860	1443523782864	1443523782864	OK	 
Nod EMS APPLICATION GATLING TEST	7795279057977194468-44	USER	END	1443523781857	1443523782877
Nod EMS APPLICATION GATLING TEST	7795279057977194468-65	USER	START	1443523782907	0
Nod EMS APPLICATION GATLING TEST	7795279057977194468-65	REQUEST		get request	1443523782907	1443523782908	1443523782909	1443523782909	OK	 
Nod EMS APPLICATION GATLING TEST	7795279057977194468-45	USER	END	1443523781907	1443523782927
Nod EMS APPLICATION GATLING TEST	7795279057977194468-66	USER	START	1443523782956	0
Nod EMS APPLICATION GATLING TEST	7795279057977194468-66	REQUEST		get request	1443523782957	1443523782958	1443523782961	1443523782961	OK	 
Nod EMS APPLICATION GATLING TEST	7795279057977194468-46	USER	END	1443523781956	1443523782977
Nod EMS APPLICATION GATLING TEST	7795279057977194468-67	USER	START	1443523783007	0
Nod EMS APPLICATION GATLING TEST	7795279057977194468-67	REQUEST		get request	1443523783008	1443523783009	1443523783011	1443523783011	OK	 
Nod EMS APPLICATION GATLING TEST	7795279057977194468-47	USER	END	1443523782007	1443523783027
Nod EMS APPLICATION GATLING TEST	7795279057977194468-68	USER	START	1443523783056	0
Nod EMS APPLICATION GATLING TEST	7795279057977194468-68	REQUEST		get request	1443523783057	1443523783058	1443523783059	1443523783059	OK	 
Nod EMS APPLICATION GATLING TEST	7795279057977194468-48	USER	END	1443523782056	1443523783077
Nod EMS APPLICATION GATLING TEST	7795279057977194468-69	USER	START	1443523783107	0
Nod EMS APPLICATION GATLING TEST	7795279057977194468-69	REQUEST		get request	1443523783108	1443523783110	1443523783112	1443523783112	OK	 
Nod EMS APPLICATION GATLING TEST	7795279057977194468-49	USER	END	1443523782107	1443523783126
Nod EMS APPLICATION GATLING TEST	7795279057977194468-70	USER	START	1443523783157	0
Nod EMS APPLICATION GATLING TEST	7795279057977194468-70	REQUEST		get request	1443523783157	1443523783157	1443523783158	1443523783158	OK	 
Nod EMS APPLICATION GATLING TEST	7795279057977194468-50	USER	END	1443523782157	1443523783177
Nod EMS APPLICATION GATLING TEST	7795279057977194468-71	USER	START	1443523783206	0
Nod EMS APPLICATION GATLING TEST	7795279057977194468-71	REQUEST		get request	1443523783207	1443523783209	1443523783211	1443523783211	OK	 
Nod EMS APPLICATION GATLING TEST	7795279057977194468-51	USER	END	1443523782207	1443523783227
Nod EMS APPLICATION GATLING TEST	7795279057977194468-72	USER	START	1443523783257	0
Nod EMS APPLICATION GATLING TEST	7795279057977194468-72	REQUEST		get request	1443523783257	1443523783258	1443523783259	1443523783259	OK	 
Nod EMS APPLICATION GATLING TEST	7795279057977194468-52	USER	END	1443523782257	1443523783277
Nod EMS APPLICATION GATLING TEST	7795279057977194468-73	USER	START	1443523783306	0
Nod EMS APPLICATION GATLING TEST	7795279057977194468-73	REQUEST		get request	1443523783307	1443523783308	1443523783309	1443523783309	OK	 
Nod EMS APPLICATION GATLING TEST	7795279057977194468-53	USER	END	1443523782306	1443523783327
Nod EMS APPLICATION GATLING TEST	7795279057977194468-74	USER	START	1443523783357	0
Nod EMS APPLICATION GATLING TEST	7795279057977194468-74	REQUEST		get request	1443523783358	1443523783359	1443523783362	1443523783362	OK	 
Nod EMS APPLICATION GATLING TEST	7795279057977194468-54	USER	END	1443523782357	1443523783377
Nod EMS APPLICATION GATLING TEST	7795279057977194468-75	USER	START	1443523783407	0
Nod EMS APPLICATION GATLING TEST	7795279057977194468-75	REQUEST		get request	1443523783407	1443523783409	1443523783411	1443523783411	OK	 
Nod EMS APPLICATION GATLING TEST	7795279057977194468-55	USER	END	1443523782407	1443523783427
Nod EMS APPLICATION GATLING TEST	7795279057977194468-76	USER	START	1443523783457	0
Nod EMS APPLICATION GATLING TEST	7795279057977194468-76	REQUEST		get request	1443523783458	1443523783459	1443523783461	1443523783461	OK	 
Nod EMS APPLICATION GATLING TEST	7795279057977194468-56	USER	END	1443523782457	1443523783477
Nod EMS APPLICATION GATLING TEST	7795279057977194468-77	USER	START	1443523783507	0
Nod EMS APPLICATION GATLING TEST	7795279057977194468-77	REQUEST		get request	1443523783507	1443523783508	1443523783509	1443523783509	OK	 
Nod EMS APPLICATION GATLING TEST	7795279057977194468-57	USER	END	1443523782507	1443523783527
Nod EMS APPLICATION GATLING TEST	7795279057977194468-78	USER	START	1443523783556	0
Nod EMS APPLICATION GATLING TEST	7795279057977194468-78	REQUEST		get request	1443523783557	1443523783559	1443523783561	1443523783561	OK	 
Nod EMS APPLICATION GATLING TEST	7795279057977194468-58	USER	END	1443523782557	1443523783577
Nod EMS APPLICATION GATLING TEST	7795279057977194468-79	USER	START	1443523783607	0
Nod EMS APPLICATION GATLING TEST	7795279057977194468-79	REQUEST		get request	1443523783608	1443523783609	1443523783611	1443523783612	OK	 
Nod EMS APPLICATION GATLING TEST	7795279057977194468-59	USER	END	1443523782607	1443523783626
Nod EMS APPLICATION GATLING TEST	7795279057977194468-80	USER	START	1443523783657	0
Nod EMS APPLICATION GATLING TEST	7795279057977194468-80	REQUEST		get request	1443523783657	1443523783658	1443523783659	1443523783659	OK	 
Nod EMS APPLICATION GATLING TEST	7795279057977194468-60	USER	END	1443523782657	1443523783677
Nod EMS APPLICATION GATLING TEST	7795279057977194468-81	USER	START	1443523783707	0
Nod EMS APPLICATION GATLING TEST	7795279057977194468-81	REQUEST		get request	1443523783708	1443523783709	1443523783711	1443523783711	OK	 
Nod EMS APPLICATION GATLING TEST	7795279057977194468-61	USER	END	1443523782706	1443523783727
Nod EMS APPLICATION GATLING TEST	7795279057977194468-82	USER	START	1443523783757	0
Nod EMS APPLICATION GATLING TEST	7795279057977194468-82	REQUEST		get request	1443523783758	1443523783759	1443523783762	1443523783762	OK	 
Nod EMS APPLICATION GATLING TEST	7795279057977194468-62	USER	END	1443523782757	1443523783777
Nod EMS APPLICATION GATLING TEST	7795279057977194468-83	USER	START	1443523783807	0
Nod EMS APPLICATION GATLING TEST	7795279057977194468-83	REQUEST		get request	1443523783808	1443523783808	1443523783809	1443523783809	OK	 
Nod EMS APPLICATION GATLING TEST	7795279057977194468-63	USER	END	1443523782807	1443523783827
Nod EMS APPLICATION GATLING TEST	7795279057977194468-84	USER	START	1443523783857	0
Nod EMS APPLICATION GATLING TEST	7795279057977194468-84	REQUEST		get request	1443523783858	1443523783859	1443523783861	1443523783861	OK	 
Nod EMS APPLICATION GATLING TEST	7795279057977194468-64	USER	END	1443523782857	1443523783877
Nod EMS APPLICATION GATLING TEST	7795279057977194468-85	USER	START	1443523783906	0
Nod EMS APPLICATION GATLING TEST	7795279057977194468-85	REQUEST		get request	1443523783907	1443523783908	1443523783910	1443523783910	OK	 
Nod EMS APPLICATION GATLING TEST	7795279057977194468-65	USER	END	1443523782907	1443523783927
Nod EMS APPLICATION GATLING TEST	7795279057977194468-86	USER	START	1443523783957	0
Nod EMS APPLICATION GATLING TEST	7795279057977194468-86	REQUEST		get request	1443523783958	1443523783959	1443523783962	1443523783962	OK	 
Nod EMS APPLICATION GATLING TEST	7795279057977194468-66	USER	END	1443523782956	1443523783977
Nod EMS APPLICATION GATLING TEST	7795279057977194468-87	USER	START	1443523784007	0
Nod EMS APPLICATION GATLING TEST	7795279057977194468-87	REQUEST		get request	1443523784008	1443523784009	1443523784012	1443523784012	OK	 
Nod EMS APPLICATION GATLING TEST	7795279057977194468-67	USER	END	1443523783007	1443523784027
Nod EMS APPLICATION GATLING TEST	7795279057977194468-88	USER	START	1443523784056	0
Nod EMS APPLICATION GATLING TEST	7795279057977194468-88	REQUEST		get request	1443523784057	1443523784058	1443523784061	1443523784061	OK	 
Nod EMS APPLICATION GATLING TEST	7795279057977194468-68	USER	END	1443523783056	1443523784077
Nod EMS APPLICATION GATLING TEST	7795279057977194468-89	USER	START	1443523784107	0
Nod EMS APPLICATION GATLING TEST	7795279057977194468-89	REQUEST		get request	1443523784107	1443523784108	1443523784108	1443523784108	OK	 
Nod EMS APPLICATION GATLING TEST	7795279057977194468-69	USER	END	1443523783107	1443523784127
Nod EMS APPLICATION GATLING TEST	7795279057977194468-90	USER	START	1443523784156	0
Nod EMS APPLICATION GATLING TEST	7795279057977194468-90	REQUEST		get request	1443523784157	1443523784157	1443523784158	1443523784158	OK	 
Nod EMS APPLICATION GATLING TEST	7795279057977194468-70	USER	END	1443523783157	1443523784177
Nod EMS APPLICATION GATLING TEST	7795279057977194468-91	USER	START	1443523784207	0
Nod EMS APPLICATION GATLING TEST	7795279057977194468-91	REQUEST		get request	1443523784208	1443523784209	1443523784211	1443523784211	OK	 
Nod EMS APPLICATION GATLING TEST	7795279057977194468-71	USER	END	1443523783206	1443523784227
Nod EMS APPLICATION GATLING TEST	7795279057977194468-92	USER	START	1443523784257	0
Nod EMS APPLICATION GATLING TEST	7795279057977194468-92	REQUEST		get request	1443523784258	1443523784259	1443523784261	1443523784261	OK	 
Nod EMS APPLICATION GATLING TEST	7795279057977194468-72	USER	END	1443523783257	1443523784277
Nod EMS APPLICATION GATLING TEST	7795279057977194468-93	USER	START	1443523784307	0
Nod EMS APPLICATION GATLING TEST	7795279057977194468-93	REQUEST		get request	1443523784308	1443523784310	1443523784312	1443523784312	OK	 
Nod EMS APPLICATION GATLING TEST	7795279057977194468-73	USER	END	1443523783306	1443523784327
Nod EMS APPLICATION GATLING TEST	7795279057977194468-94	USER	START	1443523784357	0
Nod EMS APPLICATION GATLING TEST	7795279057977194468-94	REQUEST		get request	1443523784357	1443523784359	1443523784364	1443523784364	OK	 
Nod EMS APPLICATION GATLING TEST	7795279057977194468-74	USER	END	1443523783357	1443523784377
Nod EMS APPLICATION GATLING TEST	7795279057977194468-95	USER	START	1443523784406	0
Nod EMS APPLICATION GATLING TEST	7795279057977194468-95	REQUEST		get request	1443523784407	1443523784409	1443523784411	1443523784411	OK	 
Nod EMS APPLICATION GATLING TEST	7795279057977194468-75	USER	END	1443523783407	1443523784427
Nod EMS APPLICATION GATLING TEST	7795279057977194468-96	USER	START	1443523784457	0
Nod EMS APPLICATION GATLING TEST	7795279057977194468-96	REQUEST		get request	1443523784458	1443523784459	1443523784460	1443523784460	OK	 
Nod EMS APPLICATION GATLING TEST	7795279057977194468-76	USER	END	1443523783457	1443523784477
Nod EMS APPLICATION GATLING TEST	7795279057977194468-97	USER	START	1443523784507	0
Nod EMS APPLICATION GATLING TEST	7795279057977194468-97	REQUEST		get request	1443523784507	1443523784509	1443523784511	1443523784511	OK	 
Nod EMS APPLICATION GATLING TEST	7795279057977194468-77	USER	END	1443523783507	1443523784527
Nod EMS APPLICATION GATLING TEST	7795279057977194468-98	USER	START	1443523784557	0
Nod EMS APPLICATION GATLING TEST	7795279057977194468-98	REQUEST		get request	1443523784558	1443523784558	1443523784561	1443523784561	OK	 
Nod EMS APPLICATION GATLING TEST	7795279057977194468-78	USER	END	1443523783556	1443523784577
Nod EMS APPLICATION GATLING TEST	7795279057977194468-99	USER	START	1443523784607	0
Nod EMS APPLICATION GATLING TEST	7795279057977194468-99	REQUEST		get request	1443523784607	1443523784608	1443523784609	1443523784609	OK	 
Nod EMS APPLICATION GATLING TEST	7795279057977194468-79	USER	END	1443523783607	1443523784627
Nod EMS APPLICATION GATLING TEST	7795279057977194468-100	USER	START	1443523784657	0
Nod EMS APPLICATION GATLING TEST	7795279057977194468-100	REQUEST		get request	1443523784657	1443523784658	1443523784659	1443523784659	OK	 
Nod EMS APPLICATION GATLING TEST	7795279057977194468-80	USER	END	1443523783657	1443523784676
Nod EMS APPLICATION GATLING TEST	7795279057977194468-101	USER	START	1443523784707	0
Nod EMS APPLICATION GATLING TEST	7795279057977194468-101	REQUEST		get request	1443523784707	1443523784707	1443523784708	1443523784708	OK	 
Nod EMS APPLICATION GATLING TEST	7795279057977194468-81	USER	END	1443523783707	1443523784727
Nod EMS APPLICATION GATLING TEST	7795279057977194468-102	USER	START	1443523784757	0
Nod EMS APPLICATION GATLING TEST	7795279057977194468-102	REQUEST		get request	1443523784758	1443523784759	1443523784762	1443523784762	OK	 
Nod EMS APPLICATION GATLING TEST	7795279057977194468-82	USER	END	1443523783757	1443523784777
Nod EMS APPLICATION GATLING TEST	7795279057977194468-103	USER	START	1443523784807	0
Nod EMS APPLICATION GATLING TEST	7795279057977194468-103	REQUEST		get request	1443523784808	1443523784809	1443523784811	1443523784811	OK	 
Nod EMS APPLICATION GATLING TEST	7795279057977194468-83	USER	END	1443523783807	1443523784827
Nod EMS APPLICATION GATLING TEST	7795279057977194468-104	USER	START	1443523784856	0
Nod EMS APPLICATION GATLING TEST	7795279057977194468-104	REQUEST		get request	1443523784857	1443523784857	1443523784858	1443523784858	OK	 
Nod EMS APPLICATION GATLING TEST	7795279057977194468-84	USER	END	1443523783857	1443523784877
Nod EMS APPLICATION GATLING TEST	7795279057977194468-105	USER	START	1443523784907	0
Nod EMS APPLICATION GATLING TEST	7795279057977194468-105	REQUEST		get request	1443523784908	1443523784909	1443523784911	1443523784911	OK	 
Nod EMS APPLICATION GATLING TEST	7795279057977194468-85	USER	END	1443523783906	1443523784928
Nod EMS APPLICATION GATLING TEST	7795279057977194468-106	USER	START	1443523784957	0
Nod EMS APPLICATION GATLING TEST	7795279057977194468-106	REQUEST		get request	1443523784957	1443523784959	1443523784960	1443523784961	OK	 
Nod EMS APPLICATION GATLING TEST	7795279057977194468-86	USER	END	1443523783957	1443523784977
Nod EMS APPLICATION GATLING TEST	7795279057977194468-107	USER	START	1443523785007	0
Nod EMS APPLICATION GATLING TEST	7795279057977194468-107	REQUEST		get request	1443523785007	1443523785008	1443523785009	1443523785009	OK	 
Nod EMS APPLICATION GATLING TEST	7795279057977194468-87	USER	END	1443523784007	1443523785026
Nod EMS APPLICATION GATLING TEST	7795279057977194468-108	USER	START	1443523785056	0
Nod EMS APPLICATION GATLING TEST	7795279057977194468-108	REQUEST		get request	1443523785057	1443523785057	1443523785058	1443523785058	OK	 
Nod EMS APPLICATION GATLING TEST	7795279057977194468-88	USER	END	1443523784056	1443523785077
Nod EMS APPLICATION GATLING TEST	7795279057977194468-109	USER	START	1443523785107	0
Nod EMS APPLICATION GATLING TEST	7795279057977194468-109	REQUEST		get request	1443523785108	1443523785109	1443523785111	1443523785111	OK	 
Nod EMS APPLICATION GATLING TEST	7795279057977194468-89	USER	END	1443523784107	1443523785127
Nod EMS APPLICATION GATLING TEST	7795279057977194468-110	USER	START	1443523785157	0
Nod EMS APPLICATION GATLING TEST	7795279057977194468-110	REQUEST		get request	1443523785157	1443523785159	1443523785161	1443523785161	OK	 
Nod EMS APPLICATION GATLING TEST	7795279057977194468-90	USER	END	1443523784156	1443523785177
Nod EMS APPLICATION GATLING TEST	7795279057977194468-111	USER	START	1443523785207	0
Nod EMS APPLICATION GATLING TEST	7795279057977194468-111	REQUEST		get request	1443523785208	1443523785208	1443523785209	1443523785209	OK	 
Nod EMS APPLICATION GATLING TEST	7795279057977194468-91	USER	END	1443523784207	1443523785227
Nod EMS APPLICATION GATLING TEST	7795279057977194468-112	USER	START	1443523785257	0
Nod EMS APPLICATION GATLING TEST	7795279057977194468-112	REQUEST		get request	1443523785257	1443523785258	1443523785259	1443523785259	OK	 
Nod EMS APPLICATION GATLING TEST	7795279057977194468-92	USER	END	1443523784257	1443523785277
Nod EMS APPLICATION GATLING TEST	7795279057977194468-113	USER	START	1443523785306	0
Nod EMS APPLICATION GATLING TEST	7795279057977194468-113	REQUEST		get request	1443523785307	1443523785307	1443523785308	1443523785308	OK	 
Nod EMS APPLICATION GATLING TEST	7795279057977194468-93	USER	END	1443523784307	1443523785327
Nod EMS APPLICATION GATLING TEST	7795279057977194468-114	USER	START	1443523785357	0
Nod EMS APPLICATION GATLING TEST	7795279057977194468-114	REQUEST		get request	1443523785358	1443523785359	1443523785362	1443523785362	OK	 
Nod EMS APPLICATION GATLING TEST	7795279057977194468-94	USER	END	1443523784357	1443523785377
Nod EMS APPLICATION GATLING TEST	7795279057977194468-115	USER	START	1443523785407	0
Nod EMS APPLICATION GATLING TEST	7795279057977194468-115	REQUEST		get request	1443523785407	1443523785409	1443523785412	1443523785412	OK	 
Nod EMS APPLICATION GATLING TEST	7795279057977194468-95	USER	END	1443523784406	1443523785427
Nod EMS APPLICATION GATLING TEST	7795279057977194468-116	USER	START	1443523785457	0
Nod EMS APPLICATION GATLING TEST	7795279057977194468-116	REQUEST		get request	1443523785458	1443523785459	1443523785462	1443523785462	OK	 
Nod EMS APPLICATION GATLING TEST	7795279057977194468-96	USER	END	1443523784457	1443523785477
Nod EMS APPLICATION GATLING TEST	7795279057977194468-117	USER	START	1443523785507	0
Nod EMS APPLICATION GATLING TEST	7795279057977194468-117	REQUEST		get request	1443523785507	1443523785508	1443523785508	1443523785508	OK	 
Nod EMS APPLICATION GATLING TEST	7795279057977194468-97	USER	END	1443523784507	1443523785527
Nod EMS APPLICATION GATLING TEST	7795279057977194468-118	USER	START	1443523785557	0
Nod EMS APPLICATION GATLING TEST	7795279057977194468-118	REQUEST		get request	1443523785558	1443523785560	1443523785562	1443523785562	OK	 
Nod EMS APPLICATION GATLING TEST	7795279057977194468-98	USER	END	1443523784557	1443523785577
Nod EMS APPLICATION GATLING TEST	7795279057977194468-119	USER	START	1443523785607	0
Nod EMS APPLICATION GATLING TEST	7795279057977194468-119	REQUEST		get request	1443523785607	1443523785608	1443523785609	1443523785609	OK	 
Nod EMS APPLICATION GATLING TEST	7795279057977194468-99	USER	END	1443523784607	1443523785627
Nod EMS APPLICATION GATLING TEST	7795279057977194468-120	USER	START	1443523785656	0
Nod EMS APPLICATION GATLING TEST	7795279057977194468-120	REQUEST		get request	1443523785657	1443523785658	1443523785660	1443523785660	OK	 
Nod EMS APPLICATION GATLING TEST	7795279057977194468-100	USER	END	1443523784657	1443523785677
Nod EMS APPLICATION GATLING TEST	7795279057977194468-121	USER	START	1443523785707	0
Nod EMS APPLICATION GATLING TEST	7795279057977194468-121	REQUEST		get request	1443523785708	1443523785709	1443523785715	1443523785715	OK	 
Nod EMS APPLICATION GATLING TEST	7795279057977194468-101	USER	END	1443523784707	1443523785726
Nod EMS APPLICATION GATLING TEST	7795279057977194468-122	USER	START	1443523785757	0
Nod EMS APPLICATION GATLING TEST	7795279057977194468-122	REQUEST		get request	1443523785757	1443523785759	1443523785760	1443523785760	OK	 
Nod EMS APPLICATION GATLING TEST	7795279057977194468-102	USER	END	1443523784757	1443523785777
Nod EMS APPLICATION GATLING TEST	7795279057977194468-123	USER	START	1443523785807	0
Nod EMS APPLICATION GATLING TEST	7795279057977194468-123	REQUEST		get request	1443523785808	1443523785809	1443523785811	1443523785811	OK	 
Nod EMS APPLICATION GATLING TEST	7795279057977194468-103	USER	END	1443523784807	1443523785827
Nod EMS APPLICATION GATLING TEST	7795279057977194468-124	USER	START	1443523785857	0
Nod EMS APPLICATION GATLING TEST	7795279057977194468-124	REQUEST		get request	1443523785857	1443523785858	1443523785859	1443523785859	OK	 
Nod EMS APPLICATION GATLING TEST	7795279057977194468-104	USER	END	1443523784856	1443523785877
Nod EMS APPLICATION GATLING TEST	7795279057977194468-125	USER	START	1443523785907	0
Nod EMS APPLICATION GATLING TEST	7795279057977194468-125	REQUEST		get request	1443523785908	1443523785908	1443523785909	1443523785909	OK	 
Nod EMS APPLICATION GATLING TEST	7795279057977194468-105	USER	END	1443523784907	1443523785927
Nod EMS APPLICATION GATLING TEST	7795279057977194468-126	USER	START	1443523785957	0
Nod EMS APPLICATION GATLING TEST	7795279057977194468-126	REQUEST		get request	1443523785958	1443523785959	1443523785960	1443523785960	OK	 
Nod EMS APPLICATION GATLING TEST	7795279057977194468-106	USER	END	1443523784957	1443523785977
Nod EMS APPLICATION GATLING TEST	7795279057977194468-127	USER	START	1443523786006	0
Nod EMS APPLICATION GATLING TEST	7795279057977194468-127	REQUEST		get request	1443523786007	1443523786008	1443523786009	1443523786009	OK	 
Nod EMS APPLICATION GATLING TEST	7795279057977194468-107	USER	END	1443523785007	1443523786027
Nod EMS APPLICATION GATLING TEST	7795279057977194468-128	USER	START	1443523786057	0
Nod EMS APPLICATION GATLING TEST	7795279057977194468-128	REQUEST		get request	1443523786058	1443523786059	1443523786062	1443523786062	OK	 
Nod EMS APPLICATION GATLING TEST	7795279057977194468-108	USER	END	1443523785056	1443523786078
Nod EMS APPLICATION GATLING TEST	7795279057977194468-129	USER	START	1443523786107	0
Nod EMS APPLICATION GATLING TEST	7795279057977194468-129	REQUEST		get request	1443523786107	1443523786108	1443523786111	1443523786111	OK	 
Nod EMS APPLICATION GATLING TEST	7795279057977194468-109	USER	END	1443523785107	1443523786127
Nod EMS APPLICATION GATLING TEST	7795279057977194468-130	USER	START	1443523786157	0
Nod EMS APPLICATION GATLING TEST	7795279057977194468-130	REQUEST		get request	1443523786158	1443523786159	1443523786162	1443523786162	OK	 
Nod EMS APPLICATION GATLING TEST	7795279057977194468-110	USER	END	1443523785157	1443523786177
Nod EMS APPLICATION GATLING TEST	7795279057977194468-131	USER	START	1443523786207	0
Nod EMS APPLICATION GATLING TEST	7795279057977194468-131	REQUEST		get request	1443523786208	1443523786209	1443523786215	1443523786215	OK	 
Nod EMS APPLICATION GATLING TEST	7795279057977194468-111	USER	END	1443523785207	1443523786227
Nod EMS APPLICATION GATLING TEST	7795279057977194468-132	USER	START	1443523786256	0
Nod EMS APPLICATION GATLING TEST	7795279057977194468-132	REQUEST		get request	1443523786257	1443523786258	1443523786259	1443523786259	OK	 
Nod EMS APPLICATION GATLING TEST	7795279057977194468-112	USER	END	1443523785257	1443523786277
Nod EMS APPLICATION GATLING TEST	7795279057977194468-133	USER	START	1443523786307	0
Nod EMS APPLICATION GATLING TEST	7795279057977194468-133	REQUEST		get request	1443523786308	1443523786309	1443523786311	1443523786312	OK	 
Nod EMS APPLICATION GATLING TEST	7795279057977194468-113	USER	END	1443523785306	1443523786327
Nod EMS APPLICATION GATLING TEST	7795279057977194468-134	USER	START	1443523786357	0
Nod EMS APPLICATION GATLING TEST	7795279057977194468-134	REQUEST		get request	1443523786357	1443523786359	1443523786361	1443523786361	OK	 
Nod EMS APPLICATION GATLING TEST	7795279057977194468-114	USER	END	1443523785357	1443523786377
Nod EMS APPLICATION GATLING TEST	7795279057977194468-135	USER	START	1443523786406	0
Nod EMS APPLICATION GATLING TEST	7795279057977194468-135	REQUEST		get request	1443523786407	1443523786408	1443523786409	1443523786409	OK	 
Nod EMS APPLICATION GATLING TEST	7795279057977194468-115	USER	END	1443523785407	1443523786427
Nod EMS APPLICATION GATLING TEST	7795279057977194468-136	USER	START	1443523786457	0
Nod EMS APPLICATION GATLING TEST	7795279057977194468-136	REQUEST		get request	1443523786458	1443523786459	1443523786461	1443523786461	OK	 
Nod EMS APPLICATION GATLING TEST	7795279057977194468-116	USER	END	1443523785457	1443523786477
Nod EMS APPLICATION GATLING TEST	7795279057977194468-137	USER	START	1443523786507	0
Nod EMS APPLICATION GATLING TEST	7795279057977194468-137	REQUEST		get request	1443523786508	1443523786509	1443523786511	1443523786511	OK	 
Nod EMS APPLICATION GATLING TEST	7795279057977194468-117	USER	END	1443523785507	1443523786527
Nod EMS APPLICATION GATLING TEST	7795279057977194468-138	USER	START	1443523786556	0
Nod EMS APPLICATION GATLING TEST	7795279057977194468-138	REQUEST		get request	1443523786557	1443523786557	1443523786558	1443523786558	OK	 
Nod EMS APPLICATION GATLING TEST	7795279057977194468-118	USER	END	1443523785557	1443523786577
Nod EMS APPLICATION GATLING TEST	7795279057977194468-139	USER	START	1443523786607	0
Nod EMS APPLICATION GATLING TEST	7795279057977194468-139	REQUEST		get request	1443523786608	1443523786609	1443523786611	1443523786611	OK	 
Nod EMS APPLICATION GATLING TEST	7795279057977194468-119	USER	END	1443523785607	1443523786628
Nod EMS APPLICATION GATLING TEST	7795279057977194468-140	USER	START	1443523786657	0
Nod EMS APPLICATION GATLING TEST	7795279057977194468-140	REQUEST		get request	1443523786657	1443523786659	1443523786661	1443523786661	OK	 
Nod EMS APPLICATION GATLING TEST	7795279057977194468-120	USER	END	1443523785656	1443523786677
Nod EMS APPLICATION GATLING TEST	7795279057977194468-141	USER	START	1443523786707	0
Nod EMS APPLICATION GATLING TEST	7795279057977194468-141	REQUEST		get request	1443523786708	1443523786709	1443523786711	1443523786711	OK	 
Nod EMS APPLICATION GATLING TEST	7795279057977194468-121	USER	END	1443523785707	1443523786727
Nod EMS APPLICATION GATLING TEST	7795279057977194468-142	USER	START	1443523786757	0
Nod EMS APPLICATION GATLING TEST	7795279057977194468-142	REQUEST		get request	1443523786758	1443523786759	1443523786761	1443523786761	OK	 
Nod EMS APPLICATION GATLING TEST	7795279057977194468-122	USER	END	1443523785757	1443523786777
Nod EMS APPLICATION GATLING TEST	7795279057977194468-143	USER	START	1443523786806	0
Nod EMS APPLICATION GATLING TEST	7795279057977194468-143	REQUEST		get request	1443523786807	1443523786808	1443523786809	1443523786809	OK	 
Nod EMS APPLICATION GATLING TEST	7795279057977194468-123	USER	END	1443523785807	1443523786827
Nod EMS APPLICATION GATLING TEST	7795279057977194468-144	USER	START	1443523786857	0
Nod EMS APPLICATION GATLING TEST	7795279057977194468-144	REQUEST		get request	1443523786858	1443523786859	1443523786861	1443523786861	OK	 
Nod EMS APPLICATION GATLING TEST	7795279057977194468-124	USER	END	1443523785857	1443523786877
Nod EMS APPLICATION GATLING TEST	7795279057977194468-145	USER	START	1443523786907	0
Nod EMS APPLICATION GATLING TEST	7795279057977194468-145	REQUEST		get request	1443523786907	1443523786909	1443523786911	1443523786911	OK	 
Nod EMS APPLICATION GATLING TEST	7795279057977194468-125	USER	END	1443523785907	1443523786927
Nod EMS APPLICATION GATLING TEST	7795279057977194468-146	USER	START	1443523786957	0
Nod EMS APPLICATION GATLING TEST	7795279057977194468-146	REQUEST		get request	1443523786958	1443523786958	1443523786961	1443523786961	OK	 
Nod EMS APPLICATION GATLING TEST	7795279057977194468-126	USER	END	1443523785957	1443523786977
Nod EMS APPLICATION GATLING TEST	7795279057977194468-147	USER	START	1443523787007	0
Nod EMS APPLICATION GATLING TEST	7795279057977194468-147	REQUEST		get request	1443523787007	1443523787008	1443523787010	1443523787010	OK	 
Nod EMS APPLICATION GATLING TEST	7795279057977194468-127	USER	END	1443523786006	1443523787027
Nod EMS APPLICATION GATLING TEST	7795279057977194468-148	USER	START	1443523787056	0
Nod EMS APPLICATION GATLING TEST	7795279057977194468-148	REQUEST		get request	1443523787057	1443523787057	1443523787058	1443523787058	OK	 
Nod EMS APPLICATION GATLING TEST	7795279057977194468-128	USER	END	1443523786057	1443523787077
Nod EMS APPLICATION GATLING TEST	7795279057977194468-149	USER	START	1443523787107	0
Nod EMS APPLICATION GATLING TEST	7795279057977194468-149	REQUEST		get request	1443523787107	1443523787108	1443523787110	1443523787110	OK	 
Nod EMS APPLICATION GATLING TEST	7795279057977194468-129	USER	END	1443523786107	1443523787127
Nod EMS APPLICATION GATLING TEST	7795279057977194468-150	USER	START	1443523787156	0
Nod EMS APPLICATION GATLING TEST	7795279057977194468-150	REQUEST		get request	1443523787157	1443523787158	1443523787161	1443523787161	OK	 
Nod EMS APPLICATION GATLING TEST	7795279057977194468-130	USER	END	1443523786157	1443523787177
Nod EMS APPLICATION GATLING TEST	7795279057977194468-151	USER	START	1443523787207	0
Nod EMS APPLICATION GATLING TEST	7795279057977194468-151	REQUEST		get request	1443523787208	1443523787210	1443523787212	1443523787212	OK	 
Nod EMS APPLICATION GATLING TEST	7795279057977194468-131	USER	END	1443523786207	1443523787227
Nod EMS APPLICATION GATLING TEST	7795279057977194468-152	USER	START	1443523787257	0
Nod EMS APPLICATION GATLING TEST	7795279057977194468-152	REQUEST		get request	1443523787257	1443523787259	1443523787261	1443523787261	OK	 
Nod EMS APPLICATION GATLING TEST	7795279057977194468-132	USER	END	1443523786256	1443523787277
Nod EMS APPLICATION GATLING TEST	7795279057977194468-153	USER	START	1443523787306	0
Nod EMS APPLICATION GATLING TEST	7795279057977194468-153	REQUEST		get request	1443523787307	1443523787309	1443523787311	1443523787311	OK	 
Nod EMS APPLICATION GATLING TEST	7795279057977194468-133	USER	END	1443523786307	1443523787327
Nod EMS APPLICATION GATLING TEST	7795279057977194468-154	USER	START	1443523787357	0
Nod EMS APPLICATION GATLING TEST	7795279057977194468-154	REQUEST		get request	1443523787358	1443523787359	1443523787361	1443523787361	OK	 
Nod EMS APPLICATION GATLING TEST	7795279057977194468-134	USER	END	1443523786357	1443523787376
Nod EMS APPLICATION GATLING TEST	7795279057977194468-155	USER	START	1443523787407	0
Nod EMS APPLICATION GATLING TEST	7795279057977194468-155	REQUEST		get request	1443523787407	1443523787409	1443523787411	1443523787411	OK	 
Nod EMS APPLICATION GATLING TEST	7795279057977194468-135	USER	END	1443523786406	1443523787427
Nod EMS APPLICATION GATLING TEST	7795279057977194468-156	USER	START	1443523787457	0
Nod EMS APPLICATION GATLING TEST	7795279057977194468-156	REQUEST		get request	1443523787458	1443523787459	1443523787460	1443523787460	OK	 
Nod EMS APPLICATION GATLING TEST	7795279057977194468-136	USER	END	1443523786457	1443523787477
Nod EMS APPLICATION GATLING TEST	7795279057977194468-157	USER	START	1443523787507	0
Nod EMS APPLICATION GATLING TEST	7795279057977194468-157	REQUEST		get request	1443523787507	1443523787508	1443523787509	1443523787509	OK	 
Nod EMS APPLICATION GATLING TEST	7795279057977194468-137	USER	END	1443523786507	1443523787527
Nod EMS APPLICATION GATLING TEST	7795279057977194468-158	USER	START	1443523787557	0
Nod EMS APPLICATION GATLING TEST	7795279057977194468-158	REQUEST		get request	1443523787558	1443523787558	1443523787559	1443523787559	OK	 
Nod EMS APPLICATION GATLING TEST	7795279057977194468-138	USER	END	1443523786556	1443523787577
Nod EMS APPLICATION GATLING TEST	7795279057977194468-159	USER	START	1443523787607	0
Nod EMS APPLICATION GATLING TEST	7795279057977194468-159	REQUEST		get request	1443523787607	1443523787609	1443523787611	1443523787611	OK	 
Nod EMS APPLICATION GATLING TEST	7795279057977194468-139	USER	END	1443523786607	1443523787627
Nod EMS APPLICATION GATLING TEST	7795279057977194468-160	USER	START	1443523787656	0
Nod EMS APPLICATION GATLING TEST	7795279057977194468-160	REQUEST		get request	1443523787657	1443523787658	1443523787659	1443523787659	OK	 
Nod EMS APPLICATION GATLING TEST	7795279057977194468-140	USER	END	1443523786657	1443523787677
Nod EMS APPLICATION GATLING TEST	7795279057977194468-161	USER	START	1443523787707	0
Nod EMS APPLICATION GATLING TEST	7795279057977194468-161	REQUEST		get request	1443523787708	1443523787709	1443523787711	1443523787711	OK	 
Nod EMS APPLICATION GATLING TEST	7795279057977194468-141	USER	END	1443523786707	1443523787727
Nod EMS APPLICATION GATLING TEST	7795279057977194468-162	USER	START	1443523787757	0
Nod EMS APPLICATION GATLING TEST	7795279057977194468-162	REQUEST		get request	1443523787757	1443523787759	1443523787762	1443523787762	OK	 
Nod EMS APPLICATION GATLING TEST	7795279057977194468-142	USER	END	1443523786757	1443523787777
Nod EMS APPLICATION GATLING TEST	7795279057977194468-163	USER	START	1443523787807	0
Nod EMS APPLICATION GATLING TEST	7795279057977194468-163	REQUEST		get request	1443523787808	1443523787809	1443523787811	1443523787811	OK	 
Nod EMS APPLICATION GATLING TEST	7795279057977194468-143	USER	END	1443523786806	1443523787827
Nod EMS APPLICATION GATLING TEST	7795279057977194468-164	USER	START	1443523787857	0
Nod EMS APPLICATION GATLING TEST	7795279057977194468-164	REQUEST		get request	1443523787858	1443523787859	1443523787861	1443523787861	OK	 
Nod EMS APPLICATION GATLING TEST	7795279057977194468-144	USER	END	1443523786857	1443523787876
Nod EMS APPLICATION GATLING TEST	7795279057977194468-165	USER	START	1443523787907	0
Nod EMS APPLICATION GATLING TEST	7795279057977194468-165	REQUEST		get request	1443523787907	1443523787908	1443523787909	1443523787909	OK	 
Nod EMS APPLICATION GATLING TEST	7795279057977194468-145	USER	END	1443523786907	1443523787927
Nod EMS APPLICATION GATLING TEST	7795279057977194468-166	USER	START	1443523787957	0
Nod EMS APPLICATION GATLING TEST	7795279057977194468-166	REQUEST		get request	1443523787958	1443523787958	1443523787960	1443523787960	OK	 
Nod EMS APPLICATION GATLING TEST	7795279057977194468-146	USER	END	1443523786957	1443523787977
Nod EMS APPLICATION GATLING TEST	7795279057977194468-167	USER	START	1443523788007	0
Nod EMS APPLICATION GATLING TEST	7795279057977194468-167	REQUEST		get request	1443523788007	1443523788009	1443523788010	1443523788010	OK	 
Nod EMS APPLICATION GATLING TEST	7795279057977194468-147	USER	END	1443523787007	1443523788027
Nod EMS APPLICATION GATLING TEST	7795279057977194468-168	USER	START	1443523788056	0
Nod EMS APPLICATION GATLING TEST	7795279057977194468-168	REQUEST		get request	1443523788057	1443523788057	1443523788058	1443523788058	OK	 
Nod EMS APPLICATION GATLING TEST	7795279057977194468-148	USER	END	1443523787056	1443523788077
Nod EMS APPLICATION GATLING TEST	7795279057977194468-169	USER	START	1443523788107	0
Nod EMS APPLICATION GATLING TEST	7795279057977194468-169	REQUEST		get request	1443523788108	1443523788109	1443523788111	1443523788111	OK	 
Nod EMS APPLICATION GATLING TEST	7795279057977194468-149	USER	END	1443523787107	1443523788127
Nod EMS APPLICATION GATLING TEST	7795279057977194468-170	USER	START	1443523788157	0
Nod EMS APPLICATION GATLING TEST	7795279057977194468-170	REQUEST		get request	1443523788157	1443523788159	1443523788162	1443523788162	OK	 
Nod EMS APPLICATION GATLING TEST	7795279057977194468-150	USER	END	1443523787156	1443523788177
Nod EMS APPLICATION GATLING TEST	7795279057977194468-171	USER	START	1443523788207	0
Nod EMS APPLICATION GATLING TEST	7795279057977194468-171	REQUEST		get request	1443523788207	1443523788208	1443523788209	1443523788209	OK	 
Nod EMS APPLICATION GATLING TEST	7795279057977194468-151	USER	END	1443523787207	1443523788227
Nod EMS APPLICATION GATLING TEST	7795279057977194468-172	USER	START	1443523788257	0
Nod EMS APPLICATION GATLING TEST	7795279057977194468-172	REQUEST		get request	1443523788257	1443523788258	1443523788260	1443523788260	OK	 
Nod EMS APPLICATION GATLING TEST	7795279057977194468-152	USER	END	1443523787257	1443523788277
Nod EMS APPLICATION GATLING TEST	7795279057977194468-173	USER	START	1443523788306	0
Nod EMS APPLICATION GATLING TEST	7795279057977194468-173	REQUEST		get request	1443523788307	1443523788307	1443523788308	1443523788308	OK	 
Nod EMS APPLICATION GATLING TEST	7795279057977194468-153	USER	END	1443523787306	1443523788327
Nod EMS APPLICATION GATLING TEST	7795279057977194468-174	USER	START	1443523788357	0
Nod EMS APPLICATION GATLING TEST	7795279057977194468-174	REQUEST		get request	1443523788358	1443523788359	1443523788361	1443523788361	OK	 
Nod EMS APPLICATION GATLING TEST	7795279057977194468-154	USER	END	1443523787357	1443523788377
Nod EMS APPLICATION GATLING TEST	7795279057977194468-175	USER	START	1443523788406	0
Nod EMS APPLICATION GATLING TEST	7795279057977194468-175	REQUEST		get request	1443523788407	1443523788409	1443523788410	1443523788411	OK	 
Nod EMS APPLICATION GATLING TEST	7795279057977194468-155	USER	END	1443523787407	1443523788427
Nod EMS APPLICATION GATLING TEST	7795279057977194468-176	USER	START	1443523788457	0
Nod EMS APPLICATION GATLING TEST	7795279057977194468-176	REQUEST		get request	1443523788457	1443523788458	1443523788459	1443523788459	OK	 
Nod EMS APPLICATION GATLING TEST	7795279057977194468-156	USER	END	1443523787457	1443523788477
Nod EMS APPLICATION GATLING TEST	7795279057977194468-177	USER	START	1443523788506	0
Nod EMS APPLICATION GATLING TEST	7795279057977194468-177	REQUEST		get request	1443523788507	1443523788509	1443523788511	1443523788511	OK	 
Nod EMS APPLICATION GATLING TEST	7795279057977194468-157	USER	END	1443523787507	1443523788527
Nod EMS APPLICATION GATLING TEST	7795279057977194468-178	USER	START	1443523788557	0
Nod EMS APPLICATION GATLING TEST	7795279057977194468-178	REQUEST		get request	1443523788558	1443523788559	1443523788562	1443523788562	OK	 
Nod EMS APPLICATION GATLING TEST	7795279057977194468-158	USER	END	1443523787557	1443523788576
Nod EMS APPLICATION GATLING TEST	7795279057977194468-179	USER	START	1443523788607	0
Nod EMS APPLICATION GATLING TEST	7795279057977194468-179	REQUEST		get request	1443523788607	1443523788609	1443523788611	1443523788611	OK	 
Nod EMS APPLICATION GATLING TEST	7795279057977194468-159	USER	END	1443523787607	1443523788627
Nod EMS APPLICATION GATLING TEST	7795279057977194468-180	USER	START	1443523788656	0
Nod EMS APPLICATION GATLING TEST	7795279057977194468-180	REQUEST		get request	1443523788657	1443523788658	1443523788659	1443523788659	OK	 
Nod EMS APPLICATION GATLING TEST	7795279057977194468-160	USER	END	1443523787656	1443523788677
Nod EMS APPLICATION GATLING TEST	7795279057977194468-181	USER	START	1443523788707	0
Nod EMS APPLICATION GATLING TEST	7795279057977194468-181	REQUEST		get request	1443523788708	1443523788709	1443523788712	1443523788712	OK	 
Nod EMS APPLICATION GATLING TEST	7795279057977194468-161	USER	END	1443523787707	1443523788727
Nod EMS APPLICATION GATLING TEST	7795279057977194468-182	USER	START	1443523788756	0
Nod EMS APPLICATION GATLING TEST	7795279057977194468-182	REQUEST		get request	1443523788757	1443523788757	1443523788758	1443523788758	OK	 
Nod EMS APPLICATION GATLING TEST	7795279057977194468-162	USER	END	1443523787757	1443523788777
Nod EMS APPLICATION GATLING TEST	7795279057977194468-183	USER	START	1443523788807	0
Nod EMS APPLICATION GATLING TEST	7795279057977194468-183	REQUEST		get request	1443523788807	1443523788808	1443523788809	1443523788809	OK	 
Nod EMS APPLICATION GATLING TEST	7795279057977194468-163	USER	END	1443523787807	1443523788827
Nod EMS APPLICATION GATLING TEST	7795279057977194468-184	USER	START	1443523788857	0
Nod EMS APPLICATION GATLING TEST	7795279057977194468-184	REQUEST		get request	1443523788857	1443523788859	1443523788861	1443523788861	OK	 
Nod EMS APPLICATION GATLING TEST	7795279057977194468-164	USER	END	1443523787857	1443523788877
Nod EMS APPLICATION GATLING TEST	7795279057977194468-185	USER	START	1443523788907	0
Nod EMS APPLICATION GATLING TEST	7795279057977194468-185	REQUEST		get request	1443523788908	1443523788910	1443523788911	1443523788911	OK	 
Nod EMS APPLICATION GATLING TEST	7795279057977194468-165	USER	END	1443523787907	1443523788927
Nod EMS APPLICATION GATLING TEST	7795279057977194468-186	USER	START	1443523788957	0
Nod EMS APPLICATION GATLING TEST	7795279057977194468-186	REQUEST		get request	1443523788957	1443523788958	1443523788959	1443523788959	OK	 
Nod EMS APPLICATION GATLING TEST	7795279057977194468-166	USER	END	1443523787957	1443523788977
Nod EMS APPLICATION GATLING TEST	7795279057977194468-187	USER	START	1443523789007	0
Nod EMS APPLICATION GATLING TEST	7795279057977194468-187	REQUEST		get request	1443523789008	1443523789009	1443523789011	1443523789011	OK	 
Nod EMS APPLICATION GATLING TEST	7795279057977194468-167	USER	END	1443523788007	1443523789027
Nod EMS APPLICATION GATLING TEST	7795279057977194468-188	USER	START	1443523789057	0
Nod EMS APPLICATION GATLING TEST	7795279057977194468-188	REQUEST		get request	1443523789057	1443523789058	1443523789061	1443523789061	OK	 
Nod EMS APPLICATION GATLING TEST	7795279057977194468-168	USER	END	1443523788056	1443523789077
Nod EMS APPLICATION GATLING TEST	7795279057977194468-189	USER	START	1443523789106	0
Nod EMS APPLICATION GATLING TEST	7795279057977194468-189	REQUEST		get request	1443523789107	1443523789108	1443523789112	1443523789112	OK	 
Nod EMS APPLICATION GATLING TEST	7795279057977194468-169	USER	END	1443523788107	1443523789127
Nod EMS APPLICATION GATLING TEST	7795279057977194468-190	USER	START	1443523789157	0
Nod EMS APPLICATION GATLING TEST	7795279057977194468-190	REQUEST		get request	1443523789157	1443523789158	1443523789159	1443523789159	OK	 
Nod EMS APPLICATION GATLING TEST	7795279057977194468-170	USER	END	1443523788157	1443523789177
Nod EMS APPLICATION GATLING TEST	7795279057977194468-191	USER	START	1443523789206	0
Nod EMS APPLICATION GATLING TEST	7795279057977194468-191	REQUEST		get request	1443523789207	1443523789208	1443523789210	1443523789210	OK	 
Nod EMS APPLICATION GATLING TEST	7795279057977194468-171	USER	END	1443523788207	1443523789227
Nod EMS APPLICATION GATLING TEST	7795279057977194468-192	USER	START	1443523789257	0
Nod EMS APPLICATION GATLING TEST	7795279057977194468-192	REQUEST		get request	1443523789258	1443523789259	1443523789265	1443523789265	OK	 
Nod EMS APPLICATION GATLING TEST	7795279057977194468-172	USER	END	1443523788257	1443523789277
Nod EMS APPLICATION GATLING TEST	7795279057977194468-193	USER	START	1443523789306	0
Nod EMS APPLICATION GATLING TEST	7795279057977194468-193	REQUEST		get request	1443523789307	1443523789307	1443523789308	1443523789308	OK	 
Nod EMS APPLICATION GATLING TEST	7795279057977194468-173	USER	END	1443523788306	1443523789327
Nod EMS APPLICATION GATLING TEST	7795279057977194468-194	USER	START	1443523789357	0
Nod EMS APPLICATION GATLING TEST	7795279057977194468-194	REQUEST		get request	1443523789358	1443523789359	1443523789362	1443523789362	OK	 
Nod EMS APPLICATION GATLING TEST	7795279057977194468-174	USER	END	1443523788357	1443523789376
Nod EMS APPLICATION GATLING TEST	7795279057977194468-195	USER	START	1443523789407	0
Nod EMS APPLICATION GATLING TEST	7795279057977194468-195	REQUEST		get request	1443523789407	1443523789408	1443523789409	1443523789409	OK	 
Nod EMS APPLICATION GATLING TEST	7795279057977194468-175	USER	END	1443523788406	1443523789427
Nod EMS APPLICATION GATLING TEST	7795279057977194468-196	USER	START	1443523789457	0
Nod EMS APPLICATION GATLING TEST	7795279057977194468-196	REQUEST		get request	1443523789458	1443523789459	1443523789462	1443523789462	OK	 
Nod EMS APPLICATION GATLING TEST	7795279057977194468-176	USER	END	1443523788457	1443523789477
Nod EMS APPLICATION GATLING TEST	7795279057977194468-197	USER	START	1443523789507	0
Nod EMS APPLICATION GATLING TEST	7795279057977194468-197	REQUEST		get request	1443523789507	1443523789509	1443523789510	1443523789510	OK	 
Nod EMS APPLICATION GATLING TEST	7795279057977194468-177	USER	END	1443523788506	1443523789527
Nod EMS APPLICATION GATLING TEST	7795279057977194468-198	USER	START	1443523789556	0
Nod EMS APPLICATION GATLING TEST	7795279057977194468-198	REQUEST		get request	1443523789557	1443523789557	1443523789558	1443523789558	OK	 
Nod EMS APPLICATION GATLING TEST	7795279057977194468-178	USER	END	1443523788557	1443523789577
Nod EMS APPLICATION GATLING TEST	7795279057977194468-199	USER	START	1443523789607	0
Nod EMS APPLICATION GATLING TEST	7795279057977194468-199	REQUEST		get request	1443523789608	1443523789609	1443523789611	1443523789611	OK	 
Nod EMS APPLICATION GATLING TEST	7795279057977194468-179	USER	END	1443523788607	1443523789627
Nod EMS APPLICATION GATLING TEST	7795279057977194468-180	USER	END	1443523788656	1443523789677
Nod EMS APPLICATION GATLING TEST	7795279057977194468-181	USER	END	1443523788707	1443523789727
Nod EMS APPLICATION GATLING TEST	7795279057977194468-182	USER	END	1443523788756	1443523789777
Nod EMS APPLICATION GATLING TEST	7795279057977194468-183	USER	END	1443523788807	1443523789827
Nod EMS APPLICATION GATLING TEST	7795279057977194468-184	USER	END	1443523788857	1443523789877
Nod EMS APPLICATION GATLING TEST	7795279057977194468-185	USER	END	1443523788907	1443523789928
Nod EMS APPLICATION GATLING TEST	7795279057977194468-186	USER	END	1443523788957	1443523789977
Nod EMS APPLICATION GATLING TEST	7795279057977194468-187	USER	END	1443523789007	1443523790027
Nod EMS APPLICATION GATLING TEST	7795279057977194468-188	USER	END	1443523789057	1443523790077
Nod EMS APPLICATION GATLING TEST	7795279057977194468-189	USER	END	1443523789106	1443523790127
Nod EMS APPLICATION GATLING TEST	7795279057977194468-190	USER	END	1443523789157	1443523790177
Nod EMS APPLICATION GATLING TEST	7795279057977194468-191	USER	END	1443523789206	1443523790227
Nod EMS APPLICATION GATLING TEST	7795279057977194468-192	USER	END	1443523789257	1443523790277
Nod EMS APPLICATION GATLING TEST	7795279057977194468-193	USER	END	1443523789306	1443523790327
Nod EMS APPLICATION GATLING TEST	7795279057977194468-194	USER	END	1443523789357	1443523790378
Nod EMS APPLICATION GATLING TEST	7795279057977194468-195	USER	END	1443523789407	1443523790427
Nod EMS APPLICATION GATLING TEST	7795279057977194468-196	USER	END	1443523789457	1443523790477
Nod EMS APPLICATION GATLING TEST	7795279057977194468-197	USER	END	1443523789507	1443523790528
Nod EMS APPLICATION GATLING TEST	7795279057977194468-198	USER	END	1443523789556	1443523790577
Nod EMS APPLICATION GATLING TEST	7795279057977194468-199	USER	END	1443523789607	1443523790627
